<?xml version="1.0" encoding="UTF-8"?>
<!-- Generated by org.testng.reporters.JUnitReportReporter -->
<testsuite hostname="Soh" failures="0" tests="2" name="misc.LinearScripting" time="15.745" errors="0" timestamp="2023-06-14T21:33:55 EDT" skipped="0">
  <testcase classname="misc.LinearScripting" name="testAllStateQuteTitle" time="6.531"/>
  <system-out/>
  <testcase classname="misc.LinearScripting" name="testAllStateClaimOverview" time="9.214"/>
  <system-out/>
</testsuite> <!-- misc.LinearScripting -->
