<?xml version="1.0" encoding="UTF-8"?>
<!-- Generated by org.testng.reporters.JUnitReportReporter -->
<testsuite hostname="Soh" failures="0" tests="1" name="auto.AutoTest" time="16.192" errors="0" timestamp="2023-06-15T20:20:32 EDT" skipped="0">
  <testcase classname="auto.AutoTest" name="getA_Quote" time="16.192"/>
  <system-out/>
</testsuite> <!-- auto.AutoTest -->
