<?xml version="1.0" encoding="UTF-8"?>
<!-- Generated by org.testng.reporters.JUnitReportReporter -->
<testsuite hostname="Soh" failures="0" tests="1" name="misc.UnitTests" time="0.024" errors="0" timestamp="2023-06-15T18:01:12 EDT" skipped="0">
  <testcase classname="misc.UnitTests" name="configNumTest" time="0.024"/>
  <system-out/>
</testsuite> <!-- misc.UnitTests -->
